<?xml version="1.0" encoding="UTF-8"?>
<!-- Generated by org.testng.reporters.JUnitReportReporter -->
<testsuite hostname="LAPTOP-KN5KJVA1" failures="0" tests="5" name="bt4.AuthorizationTest" time="4.181" errors="0" timestamp="2026-03-24T14:39:15 ICT" skipped="0">
  <testcase classname="bt4.AuthorizationTest" name="testLoginMissingPassword" time="0.535"/>
  <testcase classname="bt4.AuthorizationTest" name="testRegisterSuccess" time="0.515"/>
  <testcase classname="bt4.AuthorizationTest" name="testLoginMissingEmail" time="2.293"/>
  <testcase classname="bt4.AuthorizationTest" name="testRegisterMissingPassword" time="0.319"/>
  <testcase classname="bt4.AuthorizationTest" name="testLoginSuccess" time="0.519"/>
</testsuite> <!-- bt4.AuthorizationTest -->
