<?xml version="1.0" encoding="UTF-8"?>
<!-- Generated by org.testng.reporters.JUnitReportReporter -->
<testsuite hostname="LAPTOP-KN5KJVA1" failures="0" tests="5" name="bt4.LoginDataDrivenTest" time="2.459" errors="0" timestamp="2026-03-24T14:39:15 ICT" skipped="0">
  <testcase classname="bt4.LoginDataDrivenTest" name="testLoginScenarios" time="0.518"/>
  <testcase classname="bt4.LoginDataDrivenTest" name="testLoginScenarios" time="0.535"/>
  <testcase classname="bt4.LoginDataDrivenTest" name="testLoginScenarios" time="0.551"/>
  <testcase classname="bt4.LoginDataDrivenTest" name="testLoginScenarios" time="0.516"/>
  <testcase classname="bt4.LoginDataDrivenTest" name="testLoginScenarios" time="0.339"/>
</testsuite> <!-- bt4.LoginDataDrivenTest -->
