<?xml version="1.0" encoding="UTF-8"?>
<!-- Generated by org.testng.reporters.JUnitXMLReporter -->
<testsuite ignored="0" hostname="LAPTOP-KN5KJVA1" failures="0" tests="6" name="Branch Coverage Tests" time="0.052" errors="0" timestamp="2026-03-10T13:56:44 ICT">
  <testcase classname="bt31.XepLoaiBranchCoverageTest" name="tc1_invalidScore" time="0.009"/>
  <testcase classname="bt31.XepLoaiBranchCoverageTest" name="tc2_gioi" time="0.0"/>
  <testcase classname="bt31.XepLoaiBranchCoverageTest" name="tc3_kha" time="0.001"/>
  <testcase classname="bt31.XepLoaiBranchCoverageTest" name="tc4_trungBinh" time="0.001"/>
  <testcase classname="bt31.XepLoaiBranchCoverageTest" name="tc5_thiLai" time="0.0"/>
  <testcase classname="bt31.XepLoaiBranchCoverageTest" name="tc6_yeuHocLai" time="0.0"/>
</testsuite> <!-- Branch Coverage Tests -->
