<?xml version="1.0" encoding="UTF-8"?>
<!-- Generated by org.testng.reporters.JUnitXMLReporter -->
<testsuite ignored="0" hostname="LAPTOP-KN5KJVA1" failures="0" tests="10" name="Authorization and Error Handling Tests" time="7.135" errors="0" timestamp="2026-03-24T14:39:14 ICT">
  <testcase classname="bt4.AuthorizationTest" name="testLoginMissingEmail" time="2.293"/>
  <testcase classname="bt4.AuthorizationTest" name="testLoginMissingPassword" time="0.535"/>
  <testcase classname="bt4.AuthorizationTest" name="testLoginSuccess" time="0.519"/>
  <testcase classname="bt4.AuthorizationTest" name="testRegisterMissingPassword" time="0.319"/>
  <testcase classname="bt4.AuthorizationTest" name="testRegisterSuccess" time="0.515"/>
  <testcase classname="bt4.LoginDataDrivenTest" name="testLoginScenarios" time="0.551"/>
  <testcase classname="bt4.LoginDataDrivenTest" name="testLoginScenarios" time="0.518"/>
  <testcase classname="bt4.LoginDataDrivenTest" name="testLoginScenarios" time="0.535"/>
  <testcase classname="bt4.LoginDataDrivenTest" name="testLoginScenarios" time="0.339"/>
  <testcase classname="bt4.LoginDataDrivenTest" name="testLoginScenarios" time="0.516"/>
</testsuite> <!-- Authorization and Error Handling Tests -->
