<?xml version="1.0" encoding="UTF-8"?>
<!-- Generated by org.testng.reporters.JUnitReportReporter -->
<testsuite hostname="LAPTOP-KN5KJVA1" failures="0" tests="2" name="dtm.tests.TC_GioHangTest" time="4.380" errors="0" timestamp="2026-03-03T14:48:20 ICT" skipped="0">
  <testcase classname="dtm.tests.TC_GioHangTest" name="testThemSanPhamVaoGio" time="2.167"/>
  <testcase classname="dtm.tests.TC_GioHangTest" name="testThemSanPhamVaoGio" time="2.213"/>
</testsuite> <!-- dtm.tests.TC_GioHangTest -->
