<?xml version="1.0" encoding="UTF-8"?>
<!-- Generated by org.testng.reporters.JUnitReportReporter -->
<testsuite hostname="LAPTOP-KN5KJVA1" failures="0" tests="17" name="dtm.tests.TC_DangNhapTest" time="42.257" errors="0" timestamp="2026-03-03T15:10:02 ICT" skipped="0">
  <testcase classname="dtm.tests.TC_DangNhapTest" name="kiemThuDangNhap" time="2.104"/>
  <testcase classname="dtm.tests.TC_DangNhapTest" name="kiemThuDangNhap" time="2.112"/>
  <testcase classname="dtm.tests.TC_DangNhapTest" name="kiemThuDangNhap" time="2.126"/>
  <testcase classname="dtm.tests.TC_DangNhapTest" name="kiemThuDangNhap" time="2.127"/>
  <testcase classname="dtm.tests.TC_DangNhapTest" name="kiemThuDangNhap" time="7.019"/>
  <testcase classname="dtm.tests.TC_DangNhapTest" name="kiemThuDangNhap" time="2.277"/>
  <testcase classname="dtm.tests.TC_DangNhapTest" name="kiemThuDangNhap" time="2.035"/>
  <testcase classname="dtm.tests.TC_DangNhapTest" name="kiemThuDangNhap" time="2.135"/>
  <testcase classname="dtm.tests.TC_DangNhapTest" name="kiemThuDangNhap" time="2.065"/>
  <testcase classname="dtm.tests.TC_DangNhapTest" name="kiemThuDangNhap" time="2.196"/>
  <testcase classname="dtm.tests.TC_DangNhapTest" name="kiemThuDangNhap" time="2.030"/>
  <testcase classname="dtm.tests.TC_DangNhapTest" name="kiemThuDangNhap" time="2.253"/>
  <testcase classname="dtm.tests.TC_DangNhapTest" name="kiemThuDangNhap" time="2.202"/>
  <testcase classname="dtm.tests.TC_DangNhapTest" name="kiemThuDangNhap" time="2.133"/>
  <testcase classname="dtm.tests.TC_DangNhapTest" name="kiemThuDangNhap" time="2.315"/>
  <testcase classname="dtm.tests.TC_DangNhapTest" name="kiemThuDangNhap" time="3.043"/>
  <testcase classname="dtm.tests.TC_DangNhapTest" name="kiemThuDangNhap" time="2.085"/>
</testsuite> <!-- dtm.tests.TC_DangNhapTest -->
