<?xml version="1.0" encoding="UTF-8"?>
<!-- Generated by org.testng.reporters.JUnitXMLReporter -->
<testsuite ignored="0" hostname="LAPTOP-KN5KJVA1" failures="1" tests="17" name="Surefire test" time="75.167" errors="0" timestamp="2026-03-03T15:43:13 ICT">
  <testcase classname="dtm.tests.TC_GioHangCheckoutE2ETest" name="cancelTaiStepHai" time="0.957"/>
  <testcase classname="dtm.tests.TC_GioHangCheckoutE2ETest" name="cancelTaiStepMot" time="0.43"/>
  <testcase classname="dtm.tests.TC_GioHangCheckoutE2ETest" name="checkoutDayDuSangStepHai" time="0.698"/>
  <testcase classname="dtm.tests.TC_GioHangCheckoutE2ETest" name="checkoutThieuFirstName" time="0.789"/>
  <testcase classname="dtm.tests.TC_GioHangCheckoutE2ETest" name="checkoutThieuLastName" time="0.739"/>
  <testcase classname="dtm.tests.TC_GioHangCheckoutE2ETest" name="checkoutThieuPostalCode" time="0.795"/>
  <testcase classname="dtm.tests.TC_GioHangCheckoutE2ETest" name="finishVaBackHomeResetGio" time="10.411">
    <failure type="java.lang.AssertionError" message="Không mở được step one. expected [true] but found [false]">
      <![CDATA[java.lang.AssertionError: Không mở được step one. expected [true] but found [false]
at dtm.tests.TC_GioHangCheckoutE2ETest.vaoCheckoutStepOneVoiMotSanPham(TC_GioHangCheckoutE2ETest.java:189)
at dtm.tests.TC_GioHangCheckoutE2ETest.vaoCheckoutStepTwoVoiMotSanPham(TC_GioHangCheckoutE2ETest.java:193)
at dtm.tests.TC_GioHangCheckoutE2ETest.finishVaBackHomeResetGio(TC_GioHangCheckoutE2ETest.java:163)
at java.base/java.util.ArrayList.forEach(ArrayList.java:1596)
... Removed 33 stack frames]]>
    </failure>
  </testcase> <!-- finishVaBackHomeResetGio -->
  <testcase classname="dtm.tests.TC_GioHangCheckoutE2ETest" name="quanSatProblemUserFlow" time="0.572"/>
  <testcase classname="dtm.tests.TC_GioHangCheckoutE2ETest" name="sortGiaGiamDan" time="0.189"/>
  <testcase classname="dtm.tests.TC_GioHangCheckoutE2ETest" name="sortGiaTangDan" time="0.216"/>
  <testcase classname="dtm.tests.TC_GioHangCheckoutE2ETest" name="sortTenAZ" time="0.159"/>
  <testcase classname="dtm.tests.TC_GioHangCheckoutE2ETest" name="sortTenZA" time="0.211"/>
  <testcase classname="dtm.tests.TC_GioHangCheckoutE2ETest" name="them3SanPham" time="0.26"/>
  <testcase classname="dtm.tests.TC_GioHangCheckoutE2ETest" name="themMotSanPham" time="0.119"/>
  <testcase classname="dtm.tests.TC_GioHangCheckoutE2ETest" name="verifyShippingInfo" time="0.724"/>
  <testcase classname="dtm.tests.TC_GioHangCheckoutE2ETest" name="verifyTinhTienHaiSanPham" time="0.837"/>
  <testcase classname="dtm.tests.TC_GioHangCheckoutE2ETest" name="xoaHetSanPham" time="20.636"/>
</testsuite> <!-- Surefire test -->
