<?xml version="1.0" encoding="UTF-8"?>
<!-- Generated by org.testng.reporters.JUnitReportReporter -->
<testsuite hostname="LAPTOP-KN5KJVA1" failures="0" tests="4" name="bt3.JsonSchemaValidationTest" time="3.816" errors="0" timestamp="2026-03-24T14:08:03 ICT" skipped="0">
  <testcase classname="bt3.JsonSchemaValidationTest" name="testSchemaShouldFailWhenFieldMissingInSchema" time="0.566"/>
  <testcase classname="bt3.JsonSchemaValidationTest" name="testSingleUserSchema" time="0.353"/>
  <testcase classname="bt3.JsonSchemaValidationTest" name="testCreateUserSchema" time="2.289"/>
  <testcase classname="bt3.JsonSchemaValidationTest" name="testUserListSchema" time="0.608"/>
</testsuite> <!-- bt3.JsonSchemaValidationTest -->
