<?xml version="1.0" encoding="UTF-8"?>
<testsuite xmlns:xsi="http://www.w3.org/2001/XMLSchema-instance" xsi:noNamespaceSchemaLocation="https://maven.apache.org/surefire/maven-surefire-plugin/xsd/surefire-test-report-3.0.xsd" version="3.0" name="TestSuite" time="4.385" tests="4" errors="0" skipped="0" failures="0">
  <properties>
[...]
</properties>
  <testcase name="testCreateUserSchema" classname="bt3.JsonSchemaValidationTest" time="2.02">
    <system-out><![CDATA[Request method:	POST
Request URI:	https://reqres.in/api/users
Proxy:			<none>
Request params:	<none>
Query params:	<none>
Form params:	<none>
Path params:	<none>
Headers:		x-api-key=reqres_b39fc6f91e47413d846fda0487449582
				Accept=application/json
				Content-Type=application/json
Cookies:		<none>
Multiparts:		<none>
Body:
{
    "name": "Schema User",
    "job": "QA"
}
HTTP/1.1 201 Created
Date: Tue, 24 Mar 2026 06:37:24 GMT
Content-Type: application/json; charset=utf-8
Content-Length: 476
Connection: keep-alive
Access-Control-Allow-Origin: *
Cache-Control: no-store
Cross-Origin-Opener-Policy: same-origin
Cross-Origin-Resource-Policy: same-origin
Etag: W/"1dc-4/IZ/nJ4C6aefmSe5WXECoTo+W8"
Nel: {"report_to":"heroku-nel","response_headers":["Via"],"max_age":3600,"success_fraction":0.01,"failure_fraction":0.1}
Origin-Agent-Cluster: ?1
Ratelimit-Limit: 20
Ratelimit-Policy: 20;w=60
Ratelimit-Remaining: 19
Ratelimit-Reset: 60
Referrer-Policy: strict-origin-when-cross-origin
Report-To: {"group":"heroku-nel","endpoints":[{"url":"https://nel.heroku.com/reports?s=jaKeB53ZDmj580KxfzJiUwIYMlWLiQzc4LpMUqpKsRE%3D\u0026sid=c4c9725f-1ab0-44d8-820f-430df2718e11\u0026ts=1774334244"}],"max_age":3600}
Reporting-Endpoints: heroku-nel="https://nel.heroku.com/reports?s=jaKeB53ZDmj580KxfzJiUwIYMlWLiQzc4LpMUqpKsRE%3D&sid=c4c9725f-1ab0-44d8-820f-430df2718e11&ts=1774334244"
Server: cloudflare
Strict-Transport-Security: max-age=31536000; includeSubDomains
Via: 1.1 heroku-router
X-Content-Type-Options: nosniff
X-Dns-Prefetch-Control: off
X-Download-Options: noopen
X-Frame-Options: DENY
X-Permitted-Cross-Domain-Policies: none
X-Powered-By: ReqRes.in - Deploy backends in 30 seconds
X-Ratelimit-Limit: 250
X-Ratelimit-Remaining: 232
X-Ratelimit-Reset: 1774396800
X-Reqres-Docs: https://reqres.in
X-Reqres-Message: This API is powered by ReqRes. Deploy your own backend in 30 seconds!
X-Reqres-Templates: https://app.reqres.in/templates
X-Reqres-Tip: Create your own API with custom data - app.reqres.in/dashboard
X-Reqres-Trial: true
X-Reqres-Trial-Days-Remaining: 14
X-Reqres-Trial-Expires: 2026-04-07T06:11:20.534Z
X-Reqres-Upgrade: https://app.reqres.in/upgrade
X-Request-Id: 412429c4-f8b9-27ee-c5a4-d53bc52b46d7
X-Robots-Tag: noindex, nofollow
X-Xss-Protection: 0
cf-cache-status: DYNAMIC
CF-RAY: 9e13aac43dd3fdce-SIN

{
    "name": "Schema User",
    "job": "QA",
    "id": "211",
    "createdAt": "2026-03-24T06:37:24.812Z",
    "_meta": {
        "powered_by": "ReqRes",
        "docs_url": "https://app.reqres.in/documentation",
        "upgrade_url": "https://app.reqres.in/upgrade",
        "example_url": "https://app.reqres.in/examples/notes-app",
        "variant": "v1_a",
        "message": "Classic ReqRes still works. Projects add persistence, auth, and logs.",
        "cta": {
            "label": "See example app",
            "url": "https://app.reqres.in/examples/notes-app"
        },
        "context": "legacy_success"
    }
}
]]></system-out>
    <system-err><![CDATA[SLF4J: Failed to load class "org.slf4j.impl.StaticLoggerBinder".
SLF4J: Defaulting to no-operation (NOP) logger implementation
SLF4J: See http://www.slf4j.org/codes.html#StaticLoggerBinder for further details.
]]></system-err>
  </testcase>
  <testcase name="testSchemaShouldFailWhenFieldMissingInSchema" classname="bt3.JsonSchemaValidationTest" time="0.559">
    <system-out><![CDATA[Request method:	GET
Request URI:	https://reqres.in/api/users/2
Proxy:			<none>
Request params:	<none>
Query params:	<none>
Form params:	<none>
Path params:	<none>
Headers:		x-api-key=reqres_b39fc6f91e47413d846fda0487449582
				Accept=application/json
				Content-Type=application/json
Cookies:		<none>
Multiparts:		<none>
Body:			<none>
HTTP/1.1 200 OK
Date: Tue, 24 Mar 2026 06:37:25 GMT
Content-Type: application/json; charset=utf-8
Transfer-Encoding: chunked
Connection: keep-alive
Access-Control-Allow-Origin: *
Cache-Control: no-store
Cross-Origin-Opener-Policy: same-origin
Cross-Origin-Resource-Policy: same-origin
Etag: W/"2fa-qNOFiRRbmduOE7ud4nPxQ0E7pWI"
Nel: {"report_to":"heroku-nel","response_headers":["Via"],"max_age":3600,"success_fraction":0.01,"failure_fraction":0.1}
Origin-Agent-Cluster: ?1
Ratelimit-Limit: 20
Ratelimit-Policy: 20;w=60
Ratelimit-Remaining: 19
Ratelimit-Reset: 60
Referrer-Policy: strict-origin-when-cross-origin
Report-To: {"group":"heroku-nel","endpoints":[{"url":"https://nel.heroku.com/reports?s=tqXUgYOnaggty66UPDpqJTKsCt3l7PtW860dMwGppNo%3D\u0026sid=c4c9725f-1ab0-44d8-820f-430df2718e11\u0026ts=1774334245"}],"max_age":3600}
Reporting-Endpoints: heroku-nel="https://nel.heroku.com/reports?s=tqXUgYOnaggty66UPDpqJTKsCt3l7PtW860dMwGppNo%3D&sid=c4c9725f-1ab0-44d8-820f-430df2718e11&ts=1774334245"
Server: cloudflare
Strict-Transport-Security: max-age=31536000; includeSubDomains
Via: 1.1 heroku-router
X-Content-Type-Options: nosniff
X-Dns-Prefetch-Control: off
X-Download-Options: noopen
X-Frame-Options: DENY
X-Permitted-Cross-Domain-Policies: none
X-Powered-By: ReqRes.in - Deploy backends in 30 seconds
X-Ratelimit-Limit: 250
X-Ratelimit-Remaining: 231
X-Ratelimit-Reset: 1774396800
X-Reqres-Docs: https://reqres.in
X-Reqres-Message: This API is powered by ReqRes. Deploy your own backend in 30 seconds!
X-Reqres-Templates: https://app.reqres.in/templates
X-Reqres-Tip: Generate a complete backend from a description - app.reqres.in/dashboard
X-Reqres-Trial: true
X-Reqres-Trial-Days-Remaining: 14
X-Reqres-Trial-Expires: 2026-04-07T06:11:20.534Z
X-Reqres-Upgrade: https://app.reqres.in/upgrade
X-Request-Id: d659f76d-2ae3-fb49-60f3-68cd66e6da00
X-Robots-Tag: noindex, nofollow
X-Xss-Protection: 0
cf-cache-status: BYPASS
Content-Encoding: gzip
CF-RAY: 9e13aac99a08a8fa-SIN

{
    "data": {
        "id": 2,
        "email": "janet.weaver@reqres.in",
        "first_name": "Janet",
        "last_name": "Weaver",
        "avatar": "https://reqres.in/img/faces/2-image.jpg"
    },
    "support": {
        "url": "https://benhowdle.im/first-cto-playbook?utm_source=reqres&utm_medium=json&utm_campaign=referral",
        "text": "Become a better CTO. A playbook of painful stories and practical advice from a two-time startup CTO."
    },
    "_meta": {
        "powered_by": "ReqRes",
        "docs_url": "https://app.reqres.in/documentation",
        "upgrade_url": "https://app.reqres.in/upgrade",
        "example_url": "https://app.reqres.in/examples/notes-app",
        "variant": "v1_a",
        "message": "Classic ReqRes still works. Projects add persistence, auth, and logs.",
        "cta": {
            "label": "See example app",
            "url": "https://app.reqres.in/examples/notes-app"
        },
        "context": "legacy_success"
    }
}
]]></system-out>
  </testcase>
  <testcase name="testSingleUserSchema" classname="bt3.JsonSchemaValidationTest" time="0.334">
    <system-out><![CDATA[Request method:	GET
Request URI:	https://reqres.in/api/users/2
Proxy:			<none>
Request params:	<none>
Query params:	<none>
Form params:	<none>
Path params:	<none>
Headers:		x-api-key=reqres_b39fc6f91e47413d846fda0487449582
				Accept=application/json
				Content-Type=application/json
Cookies:		<none>
Multiparts:		<none>
Body:			<none>
HTTP/1.1 200 OK
Date: Tue, 24 Mar 2026 06:37:26 GMT
Content-Type: application/json; charset=utf-8
Transfer-Encoding: chunked
Connection: keep-alive
Access-Control-Allow-Origin: *
Cache-Control: no-store
Cross-Origin-Opener-Policy: same-origin
Cross-Origin-Resource-Policy: same-origin
Etag: W/"2fa-qNOFiRRbmduOE7ud4nPxQ0E7pWI"
Nel: {"report_to":"heroku-nel","response_headers":["Via"],"max_age":3600,"success_fraction":0.01,"failure_fraction":0.1}
Origin-Agent-Cluster: ?1
Ratelimit-Limit: 20
Ratelimit-Policy: 20;w=60
Ratelimit-Remaining: 18
Ratelimit-Reset: 60
Referrer-Policy: strict-origin-when-cross-origin
Report-To: {"group":"heroku-nel","endpoints":[{"url":"https://nel.heroku.com/reports?s=tqXUgYOnaggty66UPDpqJTKsCt3l7PtW860dMwGppNo%3D\u0026sid=c4c9725f-1ab0-44d8-820f-430df2718e11\u0026ts=1774334245"}],"max_age":3600}
Reporting-Endpoints: heroku-nel="https://nel.heroku.com/reports?s=tqXUgYOnaggty66UPDpqJTKsCt3l7PtW860dMwGppNo%3D&sid=c4c9725f-1ab0-44d8-820f-430df2718e11&ts=1774334245"
Server: cloudflare
Strict-Transport-Security: max-age=31536000; includeSubDomains
Via: 1.1 heroku-router
X-Content-Type-Options: nosniff
X-Dns-Prefetch-Control: off
X-Download-Options: noopen
X-Frame-Options: DENY
X-Permitted-Cross-Domain-Policies: none
X-Powered-By: ReqRes.in - Deploy backends in 30 seconds
X-Ratelimit-Limit: 250
X-Ratelimit-Remaining: 230
X-Ratelimit-Reset: 1774396800
X-Reqres-Docs: https://reqres.in
X-Reqres-Message: This API is powered by ReqRes. Deploy your own backend in 30 seconds!
X-Reqres-Templates: https://app.reqres.in/templates
X-Reqres-Tip: Add real user auth to your app with magic codes - reqres.in/docs
X-Reqres-Trial: true
X-Reqres-Trial-Days-Remaining: 14
X-Reqres-Trial-Expires: 2026-04-07T06:11:20.534Z
X-Reqres-Upgrade: https://app.reqres.in/upgrade
X-Request-Id: 54fa36ee-007c-1334-14c0-999d0fdf8a50
X-Robots-Tag: noindex, nofollow
X-Xss-Protection: 0
cf-cache-status: BYPASS
Content-Encoding: gzip
CF-RAY: 9e13aaccef2ee60e-SIN

{
    "data": {
        "id": 2,
        "email": "janet.weaver@reqres.in",
        "first_name": "Janet",
        "last_name": "Weaver",
        "avatar": "https://reqres.in/img/faces/2-image.jpg"
    },
    "support": {
        "url": "https://benhowdle.im/first-cto-playbook?utm_source=reqres&utm_medium=json&utm_campaign=referral",
        "text": "Become a better CTO. A playbook of painful stories and practical advice from a two-time startup CTO."
    },
    "_meta": {
        "powered_by": "ReqRes",
        "docs_url": "https://app.reqres.in/documentation",
        "upgrade_url": "https://app.reqres.in/upgrade",
        "example_url": "https://app.reqres.in/examples/notes-app",
        "variant": "v1_a",
        "message": "Classic ReqRes still works. Projects add persistence, auth, and logs.",
        "cta": {
            "label": "See example app",
            "url": "https://app.reqres.in/examples/notes-app"
        },
        "context": "legacy_success"
    }
}
]]></system-out>
  </testcase>
  <testcase name="testUserListSchema" classname="bt3.JsonSchemaValidationTest" time="0.521">
    <system-out><![CDATA[Request method:	GET
Request URI:	https://reqres.in/api/users?page=1
Proxy:			<none>
Request params:	<none>
Query params:	page=1
Form params:	<none>
Path params:	<none>
Headers:		x-api-key=reqres_b39fc6f91e47413d846fda0487449582
				Accept=application/json
				Content-Type=application/json
Cookies:		<none>
Multiparts:		<none>
Body:			<none>
HTTP/1.1 200 OK
Date: Tue, 24 Mar 2026 06:37:26 GMT
Content-Type: application/json; charset=utf-8
Transfer-Encoding: chunked
Connection: keep-alive
Access-Control-Allow-Origin: *
Cache-Control: no-store
Cross-Origin-Opener-Policy: same-origin
Cross-Origin-Resource-Policy: same-origin
Etag: W/"5c6-O/lwD5ZEDSS1eCnJVASaEbXjskM"
Nel: {"report_to":"heroku-nel","response_headers":["Via"],"max_age":3600,"success_fraction":0.01,"failure_fraction":0.1}
Origin-Agent-Cluster: ?1
Ratelimit-Limit: 20
Ratelimit-Policy: 20;w=60
Ratelimit-Remaining: 19
Ratelimit-Reset: 60
Referrer-Policy: strict-origin-when-cross-origin
Report-To: {"group":"heroku-nel","endpoints":[{"url":"https://nel.heroku.com/reports?s=4TM%2BJRqvedfwcPicJoQSgbHWWiWO67ob%2BiUi%2Bs1c4Z4%3D\u0026sid=c4c9725f-1ab0-44d8-820f-430df2718e11\u0026ts=1774334246"}],"max_age":3600}
Reporting-Endpoints: heroku-nel="https://nel.heroku.com/reports?s=4TM%2BJRqvedfwcPicJoQSgbHWWiWO67ob%2BiUi%2Bs1c4Z4%3D&sid=c4c9725f-1ab0-44d8-820f-430df2718e11&ts=1774334246"
Server: cloudflare
Strict-Transport-Security: max-age=31536000; includeSubDomains
Via: 1.1 heroku-router
X-Content-Type-Options: nosniff
X-Dns-Prefetch-Control: off
X-Download-Options: noopen
X-Frame-Options: DENY
X-Permitted-Cross-Domain-Policies: none
X-Powered-By: ReqRes.in - Deploy backends in 30 seconds
X-Ratelimit-Limit: 250
X-Ratelimit-Remaining: 229
X-Ratelimit-Reset: 1774396800
X-Reqres-Docs: https://reqres.in
X-Reqres-Message: This API is powered by ReqRes. Deploy your own backend in 30 seconds!
X-Reqres-Templates: https://app.reqres.in/templates
X-Reqres-Tip: Test against your own data, not fixtures - app.reqres.in/dashboard
X-Reqres-Trial: true
X-Reqres-Trial-Days-Remaining: 14
X-Reqres-Trial-Expires: 2026-04-07T06:11:20.534Z
X-Reqres-Upgrade: https://app.reqres.in/upgrade
X-Request-Id: 7ce35dd3-0666-6978-cbe2-5b890161d6ef
X-Robots-Tag: noindex, nofollow
X-Xss-Protection: 0
cf-cache-status: BYPASS
Content-Encoding: gzip
CF-RAY: 9e13aacf0f27fcf3-SIN

{
    "page": 1,
    "per_page": 6,
    "total": 12,
    "total_pages": 2,
    "data": [
        {
            "id": 1,
            "email": "george.bluth@reqres.in",
            "first_name": "George",
            "last_name": "Bluth",
            "avatar": "https://reqres.in/img/faces/1-image.jpg"
        },
        {
            "id": 2,
            "email": "janet.weaver@reqres.in",
            "first_name": "Janet",
            "last_name": "Weaver",
            "avatar": "https://reqres.in/img/faces/2-image.jpg"
        },
        {
            "id": 3,
            "email": "emma.wong@reqres.in",
            "first_name": "Emma",
            "last_name": "Wong",
            "avatar": "https://reqres.in/img/faces/3-image.jpg"
        },
        {
            "id": 4,
            "email": "eve.holt@reqres.in",
            "first_name": "Eve",
            "last_name": "Holt",
            "avatar": "https://reqres.in/img/faces/4-image.jpg"
        },
        {
            "id": 5,
            "email": "charles.morris@reqres.in",
            "first_name": "Charles",
            "last_name": "Morris",
            "avatar": "https://reqres.in/img/faces/5-image.jpg"
        },
        {
            "id": 6,
            "email": "tracey.ramos@reqres.in",
            "first_name": "Tracey",
            "last_name": "Ramos",
            "avatar": "https://reqres.in/img/faces/6-image.jpg"
        }
    ],
    "support": {
        "url": "https://benhowdle.im/first-cto-playbook?utm_source=reqres&utm_medium=json&utm_campaign=referral",
        "text": "Become a better CTO. A playbook of painful stories and practical advice from a two-time startup CTO."
    },
    "_meta": {
        "powered_by": "ReqRes",
        "docs_url": "https://app.reqres.in/documentation",
        "upgrade_url": "https://app.reqres.in/upgrade",
        "example_url": "https://app.reqres.in/examples/notes-app",
        "variant": "v1_a",
        "message": "Classic ReqRes still works. Projects add persistence, auth, and logs.",
        "cta": {
            "label": "See example app",
            "url": "https://app.reqres.in/examples/notes-app"
        },
        "context": "legacy_success"
    }
}
]]></system-out>
  </testcase>
</testsuite>