<?xml version="1.0" encoding="UTF-8"?>
<!-- Generated by org.testng.reporters.JUnitReportReporter -->
<testsuite hostname="LAPTOP-KN5KJVA1" failures="0" tests="4" name="bt1.UserGetApiTest" time="0.000" errors="0" timestamp="2026-03-24T13:16:32 ICT" skipped="4">
  <testcase classname="bt1.UserGetApiTest" name="testGetUserNotFound" time="0.000">
    <skipped/>
  </testcase> <!-- testGetUserNotFound -->
  <testcase classname="bt1.UserGetApiTest" name="testGetUsersPage1" time="0.000">
    <skipped/>
  </testcase> <!-- testGetUsersPage1 -->
  <testcase classname="bt1.UserGetApiTest" name="testGetUserById3" time="0.000">
    <skipped/>
  </testcase> <!-- testGetUserById3 -->
  <testcase classname="bt1.UserGetApiTest" name="testGetUsersPage2RequiredFields" time="0.000">
    <skipped/>
  </testcase> <!-- testGetUsersPage2RequiredFields -->
</testsuite> <!-- bt1.UserGetApiTest -->
