<?xml version="1.0" encoding="UTF-8"?>
<!-- Generated by org.testng.reporters.JUnitXMLReporter -->
<testsuite ignored="0" hostname="LAPTOP-KN5KJVA1" failures="0" tests="16" name="Phone Validator Tests" time="0.135" errors="0" timestamp="2026-03-10T15:22:20 ICT">
  <testcase classname="bt61.PhoneValidatorTest" name="shouldAcceptValidVietnamPhone" time="0.015"/>
  <testcase classname="bt61.PhoneValidatorTest" name="shouldAcceptValidVietnamPhone" time="0.001"/>
  <testcase classname="bt61.PhoneValidatorTest" name="shouldAcceptValidVietnamPhone" time="0.0"/>
  <testcase classname="bt61.PhoneValidatorTest" name="shouldAcceptValidVietnamPhone" time="0.001"/>
  <testcase classname="bt61.PhoneValidatorTest" name="shouldAcceptValidVietnamPhone" time="0.001"/>
  <testcase classname="bt61.PhoneValidatorTest" name="shouldRejectInvalidVietnamPhone" time="0.0"/>
  <testcase classname="bt61.PhoneValidatorTest" name="shouldRejectInvalidVietnamPhone" time="0.001"/>
  <testcase classname="bt61.PhoneValidatorTest" name="shouldRejectInvalidVietnamPhone" time="0.0"/>
  <testcase classname="bt61.PhoneValidatorTest" name="shouldRejectInvalidVietnamPhone" time="0.0"/>
  <testcase classname="bt61.PhoneValidatorTest" name="shouldRejectInvalidVietnamPhone" time="0.0"/>
  <testcase classname="bt61.PhoneValidatorTest" name="shouldRejectInvalidVietnamPhone" time="0.0"/>
  <testcase classname="bt61.PhoneValidatorTest" name="shouldRejectInvalidVietnamPhone" time="0.001"/>
  <testcase classname="bt61.PhoneValidatorTest" name="shouldRejectInvalidVietnamPhone" time="0.0"/>
  <testcase classname="bt61.PhoneValidatorTest" name="shouldRejectInvalidVietnamPhone" time="0.001"/>
  <testcase classname="bt61.PhoneValidatorTest" name="shouldRejectInvalidVietnamPhone" time="0.002"/>
  <testcase classname="bt61.PhoneValidatorTest" name="shouldRejectInvalidVietnamPhone" time="0.0"/>
</testsuite> <!-- Phone Validator Tests -->
