<?xml version="1.0" encoding="UTF-8"?>
<testsuite xmlns:xsi="http://www.w3.org/2001/XMLSchema-instance" xsi:noNamespaceSchemaLocation="https://maven.apache.org/surefire/maven-surefire-plugin/xsd/surefire-test-report-3.0.xsd" version="3.0" name="TestSuite" time="55.312" tests="18" errors="0" skipped="0" failures="1">
  <properties>
[...]
</properties>
  <testcase name="kiemThuDangNhap[standard_user, secret_sauce, THANH_CONG, Tài khoản valid chuẩn](1)" classname="dtm.tests.TC_DangNhapTest" time="1.184">
    <system-out><![CDATA[[START] Running test: kiemThuDangNhap
]]></system-out>
    <system-err><![CDATA[SLF4J(W): No SLF4J providers were found.
SLF4J(W): Defaulting to no-operation (NOP) logger implementation
SLF4J(W): See https://www.slf4j.org/codes.html#noProviders for further details.
Mar 03, 2026 3:09:09 P.M. org.openqa.selenium.devtools.CdpVersionFinder findNearestMatch
WARNING: Unable to find CDP implementation matching 145
Mar 03, 2026 3:09:09 P.M. org.openqa.selenium.chromium.ChromiumDriver lambda$new$5
WARNING: Unable to find version of CDP to use for 145.0.7632.117. You may need to include a dependency on a specific version of the CDP using something similar to `org.seleniumhq.selenium:selenium-devtools-v86:4.15.0` where the version ("v86") matches the version of the chromium-based browser you're using and the version number of the artifact is the same as Selenium's.
]]></system-err>
  </testcase>
  <testcase name="kiemThuDangNhap[problem_user, secret_sauce, THANH_CONG, Tài khoản lỗi UI nhưng vẫn đăng nhập được](2)" classname="dtm.tests.TC_DangNhapTest" time="1.083">
    <system-out><![CDATA[[END] Test finished: kiemThuDangNhap
[START] Running test: kiemThuDangNhap
]]></system-out>
    <system-err><![CDATA[Mar 03, 2026 3:09:11 P.M. org.openqa.selenium.devtools.CdpVersionFinder findNearestMatch
WARNING: Unable to find CDP implementation matching 145
Mar 03, 2026 3:09:11 P.M. org.openqa.selenium.chromium.ChromiumDriver lambda$new$5
WARNING: Unable to find version of CDP to use for 145.0.7632.117. You may need to include a dependency on a specific version of the CDP using something similar to `org.seleniumhq.selenium:selenium-devtools-v86:4.15.0` where the version ("v86") matches the version of the chromium-based browser you're using and the version number of the artifact is the same as Selenium's.
]]></system-err>
  </testcase>
  <testcase name="kiemThuDangNhap[performance_glitch_user, secret_sauce, THANH_CONG, Tài khoản chậm](3)" classname="dtm.tests.TC_DangNhapTest" time="6.071">
    <system-out><![CDATA[[END] Test finished: kiemThuDangNhap
[START] Running test: kiemThuDangNhap
]]></system-out>
    <system-err><![CDATA[Mar 03, 2026 3:09:13 P.M. org.openqa.selenium.devtools.CdpVersionFinder findNearestMatch
WARNING: Unable to find CDP implementation matching 145
Mar 03, 2026 3:09:13 P.M. org.openqa.selenium.chromium.ChromiumDriver lambda$new$5
WARNING: Unable to find version of CDP to use for 145.0.7632.117. You may need to include a dependency on a specific version of the CDP using something similar to `org.seleniumhq.selenium:selenium-devtools-v86:4.15.0` where the version ("v86") matches the version of the chromium-based browser you're using and the version number of the artifact is the same as Selenium's.
]]></system-err>
  </testcase>
  <testcase name="kiemThuDangNhap[error_user, secret_sauce, THANH_CONG, Tài khoản lỗi chức năng](4)" classname="dtm.tests.TC_DangNhapTest" time="1.131">
    <system-out><![CDATA[[END] Test finished: kiemThuDangNhap
[START] Running test: kiemThuDangNhap
]]></system-out>
    <system-err><![CDATA[Mar 03, 2026 3:09:20 P.M. org.openqa.selenium.devtools.CdpVersionFinder findNearestMatch
WARNING: Unable to find CDP implementation matching 145
Mar 03, 2026 3:09:20 P.M. org.openqa.selenium.chromium.ChromiumDriver lambda$new$5
WARNING: Unable to find version of CDP to use for 145.0.7632.117. You may need to include a dependency on a specific version of the CDP using something similar to `org.seleniumhq.selenium:selenium-devtools-v86:4.15.0` where the version ("v86") matches the version of the chromium-based browser you're using and the version number of the artifact is the same as Selenium's.
]]></system-err>
  </testcase>
  <testcase name="kiemThuDangNhap[visual_user, secret_sauce, THANH_CONG, Tài khoản visual](5)" classname="dtm.tests.TC_DangNhapTest" time="1.042">
    <system-out><![CDATA[[END] Test finished: kiemThuDangNhap
[START] Running test: kiemThuDangNhap
]]></system-out>
    <system-err><![CDATA[Mar 03, 2026 3:09:22 P.M. org.openqa.selenium.devtools.CdpVersionFinder findNearestMatch
WARNING: Unable to find CDP implementation matching 145
Mar 03, 2026 3:09:22 P.M. org.openqa.selenium.chromium.ChromiumDriver lambda$new$5
WARNING: Unable to find version of CDP to use for 145.0.7632.117. You may need to include a dependency on a specific version of the CDP using something similar to `org.seleniumhq.selenium:selenium-devtools-v86:4.15.0` where the version ("v86") matches the version of the chromium-based browser you're using and the version number of the artifact is the same as Selenium's.
]]></system-err>
  </testcase>
  <testcase name="kiemThuDangNhap[locked_out_user, secret_sauce, BI_KHOA, Tài khoản bị khóa](6)" classname="dtm.tests.TC_DangNhapTest" time="1.136">
    <system-out><![CDATA[[END] Test finished: kiemThuDangNhap
[START] Running test: kiemThuDangNhap
]]></system-out>
    <system-err><![CDATA[Mar 03, 2026 3:09:24 P.M. org.openqa.selenium.devtools.CdpVersionFinder findNearestMatch
WARNING: Unable to find CDP implementation matching 145
Mar 03, 2026 3:09:24 P.M. org.openqa.selenium.chromium.ChromiumDriver lambda$new$5
WARNING: Unable to find version of CDP to use for 145.0.7632.117. You may need to include a dependency on a specific version of the CDP using something similar to `org.seleniumhq.selenium:selenium-devtools-v86:4.15.0` where the version ("v86") matches the version of the chromium-based browser you're using and the version number of the artifact is the same as Selenium's.
]]></system-err>
  </testcase>
  <testcase name="kiemThuDangNhap[khong_ton_tai_001, mat_khau_tu_dat, SAI_THONG_TIN, Tài khoản không tồn tại](7)" classname="dtm.tests.TC_DangNhapTest" time="1.173">
    <system-out><![CDATA[[END] Test finished: kiemThuDangNhap
[START] Running test: kiemThuDangNhap
]]></system-out>
    <system-err><![CDATA[Mar 03, 2026 3:09:26 P.M. org.openqa.selenium.devtools.CdpVersionFinder findNearestMatch
WARNING: Unable to find CDP implementation matching 145
Mar 03, 2026 3:09:26 P.M. org.openqa.selenium.chromium.ChromiumDriver lambda$new$5
WARNING: Unable to find version of CDP to use for 145.0.7632.117. You may need to include a dependency on a specific version of the CDP using something similar to `org.seleniumhq.selenium:selenium-devtools-v86:4.15.0` where the version ("v86") matches the version of the chromium-based browser you're using and the version number of the artifact is the same as Selenium's.
]]></system-err>
  </testcase>
  <testcase name="kiemThuDangNhap[standard_user, wrong_password, SAI_THONG_TIN, Sai password](8)" classname="dtm.tests.TC_DangNhapTest" time="1.197">
    <system-out><![CDATA[[END] Test finished: kiemThuDangNhap
[START] Running test: kiemThuDangNhap
]]></system-out>
    <system-err><![CDATA[Mar 03, 2026 3:09:28 P.M. org.openqa.selenium.devtools.CdpVersionFinder findNearestMatch
WARNING: Unable to find CDP implementation matching 145
Mar 03, 2026 3:09:28 P.M. org.openqa.selenium.chromium.ChromiumDriver lambda$new$5
WARNING: Unable to find version of CDP to use for 145.0.7632.117. You may need to include a dependency on a specific version of the CDP using something similar to `org.seleniumhq.selenium:selenium-devtools-v86:4.15.0` where the version ("v86") matches the version of the chromium-based browser you're using and the version number of the artifact is the same as Selenium's.
]]></system-err>
  </testcase>
  <testcase name="kiemThuDangNhap[user@#$, secret_sauce, SAI_THONG_TIN, Username ký tự đặc biệt](9)" classname="dtm.tests.TC_DangNhapTest" time="1.281">
    <system-out><![CDATA[[END] Test finished: kiemThuDangNhap
[START] Running test: kiemThuDangNhap
]]></system-out>
    <system-err><![CDATA[Mar 03, 2026 3:09:31 P.M. org.openqa.selenium.devtools.CdpVersionFinder findNearestMatch
WARNING: Unable to find CDP implementation matching 145
Mar 03, 2026 3:09:31 P.M. org.openqa.selenium.chromium.ChromiumDriver lambda$new$5
WARNING: Unable to find version of CDP to use for 145.0.7632.117. You may need to include a dependency on a specific version of the CDP using something similar to `org.seleniumhq.selenium:selenium-devtools-v86:4.15.0` where the version ("v86") matches the version of the chromium-based browser you're using and the version number of the artifact is the same as Selenium's.
]]></system-err>
  </testcase>
  <testcase name="kiemThuDangNhap[ standard_user, secret_sauce, SAI_THONG_TIN, Username có khoảng trắng đầu](10)" classname="dtm.tests.TC_DangNhapTest" time="1.179">
    <system-out><![CDATA[[END] Test finished: kiemThuDangNhap
[START] Running test: kiemThuDangNhap
]]></system-out>
    <system-err><![CDATA[Mar 03, 2026 3:09:33 P.M. org.openqa.selenium.devtools.CdpVersionFinder findNearestMatch
WARNING: Unable to find CDP implementation matching 145
Mar 03, 2026 3:09:33 P.M. org.openqa.selenium.chromium.ChromiumDriver lambda$new$5
WARNING: Unable to find version of CDP to use for 145.0.7632.117. You may need to include a dependency on a specific version of the CDP using something similar to `org.seleniumhq.selenium:selenium-devtools-v86:4.15.0` where the version ("v86") matches the version of the chromium-based browser you're using and the version number of the artifact is the same as Selenium's.
]]></system-err>
  </testcase>
  <testcase name="kiemThuDangNhap[standard_user , secret_sauce, SAI_THONG_TIN, Username có khoảng trắng cuối](11)" classname="dtm.tests.TC_DangNhapTest" time="1.221">
    <system-out><![CDATA[[END] Test finished: kiemThuDangNhap
[START] Running test: kiemThuDangNhap
]]></system-out>
    <system-err><![CDATA[Mar 03, 2026 3:09:35 P.M. org.openqa.selenium.devtools.CdpVersionFinder findNearestMatch
WARNING: Unable to find CDP implementation matching 145
Mar 03, 2026 3:09:35 P.M. org.openqa.selenium.chromium.ChromiumDriver lambda$new$5
WARNING: Unable to find version of CDP to use for 145.0.7632.117. You may need to include a dependency on a specific version of the CDP using something similar to `org.seleniumhq.selenium:selenium-devtools-v86:4.15.0` where the version ("v86") matches the version of the chromium-based browser you're using and the version number of the artifact is the same as Selenium's.
]]></system-err>
  </testcase>
  <testcase name="kiemThuDangNhap[, secret_sauce, TRUONG_TRONG, Để trống username](12)" classname="dtm.tests.TC_DangNhapTest" time="1.095">
    <system-out><![CDATA[[END] Test finished: kiemThuDangNhap
[START] Running test: kiemThuDangNhap
]]></system-out>
    <system-err><![CDATA[Mar 03, 2026 3:09:37 P.M. org.openqa.selenium.devtools.CdpVersionFinder findNearestMatch
WARNING: Unable to find CDP implementation matching 145
Mar 03, 2026 3:09:37 P.M. org.openqa.selenium.chromium.ChromiumDriver lambda$new$5
WARNING: Unable to find version of CDP to use for 145.0.7632.117. You may need to include a dependency on a specific version of the CDP using something similar to `org.seleniumhq.selenium:selenium-devtools-v86:4.15.0` where the version ("v86") matches the version of the chromium-based browser you're using and the version number of the artifact is the same as Selenium's.
]]></system-err>
  </testcase>
  <testcase name="kiemThuDangNhap[standard_user, , TRUONG_TRONG, Để trống password](13)" classname="dtm.tests.TC_DangNhapTest" time="1.181">
    <system-out><![CDATA[[END] Test finished: kiemThuDangNhap
[START] Running test: kiemThuDangNhap
]]></system-out>
    <system-err><![CDATA[Mar 03, 2026 3:09:39 P.M. org.openqa.selenium.devtools.CdpVersionFinder findNearestMatch
WARNING: Unable to find CDP implementation matching 145
Mar 03, 2026 3:09:39 P.M. org.openqa.selenium.chromium.ChromiumDriver lambda$new$5
WARNING: Unable to find version of CDP to use for 145.0.7632.117. You may need to include a dependency on a specific version of the CDP using something similar to `org.seleniumhq.selenium:selenium-devtools-v86:4.15.0` where the version ("v86") matches the version of the chromium-based browser you're using and the version number of the artifact is the same as Selenium's.
]]></system-err>
  </testcase>
  <testcase name="kiemThuDangNhap[, , TRUONG_TRONG, Để trống cả hai](14)" classname="dtm.tests.TC_DangNhapTest" time="1.046">
    <system-out><![CDATA[[END] Test finished: kiemThuDangNhap
[START] Running test: kiemThuDangNhap
]]></system-out>
    <system-err><![CDATA[Mar 03, 2026 3:09:41 P.M. org.openqa.selenium.devtools.CdpVersionFinder findNearestMatch
WARNING: Unable to find CDP implementation matching 145
Mar 03, 2026 3:09:41 P.M. org.openqa.selenium.chromium.ChromiumDriver lambda$new$5
WARNING: Unable to find version of CDP to use for 145.0.7632.117. You may need to include a dependency on a specific version of the CDP using something similar to `org.seleniumhq.selenium:selenium-devtools-v86:4.15.0` where the version ("v86") matches the version of the chromium-based browser you're using and the version number of the artifact is the same as Selenium's.
]]></system-err>
  </testcase>
  <testcase name="kiemThuDangNhap[null, secret_sauce, TRUONG_TRONG, Username null](15)" classname="dtm.tests.TC_DangNhapTest" time="1.11">
    <system-out><![CDATA[[END] Test finished: kiemThuDangNhap
[START] Running test: kiemThuDangNhap
]]></system-out>
    <system-err><![CDATA[Mar 03, 2026 3:09:44 P.M. org.openqa.selenium.devtools.CdpVersionFinder findNearestMatch
WARNING: Unable to find CDP implementation matching 145
Mar 03, 2026 3:09:44 P.M. org.openqa.selenium.chromium.ChromiumDriver lambda$new$5
WARNING: Unable to find version of CDP to use for 145.0.7632.117. You may need to include a dependency on a specific version of the CDP using something similar to `org.seleniumhq.selenium:selenium-devtools-v86:4.15.0` where the version ("v86") matches the version of the chromium-based browser you're using and the version number of the artifact is the same as Selenium's.
]]></system-err>
  </testcase>
  <testcase name="kiemThuDangNhap[standard_user, null, TRUONG_TRONG, Password null](16)" classname="dtm.tests.TC_DangNhapTest" time="1.194">
    <system-out><![CDATA[[END] Test finished: kiemThuDangNhap
[START] Running test: kiemThuDangNhap
]]></system-out>
    <system-err><![CDATA[Mar 03, 2026 3:09:46 P.M. org.openqa.selenium.devtools.CdpVersionFinder findNearestMatch
WARNING: Unable to find CDP implementation matching 145
Mar 03, 2026 3:09:46 P.M. org.openqa.selenium.chromium.ChromiumDriver lambda$new$5
WARNING: Unable to find version of CDP to use for 145.0.7632.117. You may need to include a dependency on a specific version of the CDP using something similar to `org.seleniumhq.selenium:selenium-devtools-v86:4.15.0` where the version ("v86") matches the version of the chromium-based browser you're using and the version number of the artifact is the same as Selenium's.
]]></system-err>
  </testcase>
  <testcase name="kiemThuDangNhap[null, null, TRUONG_TRONG, Cả username/password đều null](17)" classname="dtm.tests.TC_DangNhapTest" time="1.175">
    <system-out><![CDATA[[END] Test finished: kiemThuDangNhap
[START] Running test: kiemThuDangNhap
]]></system-out>
    <system-err><![CDATA[Mar 03, 2026 3:09:48 P.M. org.openqa.selenium.devtools.CdpVersionFinder findNearestMatch
WARNING: Unable to find CDP implementation matching 145
Mar 03, 2026 3:09:48 P.M. org.openqa.selenium.chromium.ChromiumDriver lambda$new$5
WARNING: Unable to find version of CDP to use for 145.0.7632.117. You may need to include a dependency on a specific version of the CDP using something similar to `org.seleniumhq.selenium:selenium-devtools-v86:4.15.0` where the version ("v86") matches the version of the chromium-based browser you're using and the version number of the artifact is the same as Selenium's.
]]></system-err>
  </testcase>
  <testcase name="demoFailScreenshot" classname="dtm.tests.TC_DangNhapFailDemoTest" time="11.256">
    <failure message="Demo FAIL: đăng nhập đúng nên không có lỗi, test này cố ý fail. expected [true] but found [false]" type="java.lang.AssertionError"><![CDATA[java.lang.AssertionError: Demo FAIL: đăng nhập đúng nên không có lỗi, test này cố ý fail. expected [true] but found [false]
	at org.testng.Assert.fail(Assert.java:111)
	at org.testng.Assert.failNotEquals(Assert.java:1578)
	at org.testng.Assert.assertTrue(Assert.java:57)
	at dtm.tests.TC_DangNhapFailDemoTest.demoFailScreenshot(TC_DangNhapFailDemoTest.java:17)
	at java.base/jdk.internal.reflect.DirectMethodHandleAccessor.invoke(DirectMethodHandleAccessor.java:103)
	at java.base/java.lang.reflect.Method.invoke(Method.java:580)
	at org.testng.internal.invokers.MethodInvocationHelper.invokeMethod(MethodInvocationHelper.java:139)
	at org.testng.internal.invokers.TestInvoker.invokeMethod(TestInvoker.java:664)
	at org.testng.internal.invokers.TestInvoker.invokeTestMethod(TestInvoker.java:227)
	at org.testng.internal.invokers.MethodRunner.runInSequence(MethodRunner.java:50)
	at org.testng.internal.invokers.TestInvoker$MethodInvocationAgent.invoke(TestInvoker.java:957)
	at org.testng.internal.invokers.TestInvoker.invokeTestMethods(TestInvoker.java:200)
	at org.testng.internal.invokers.TestMethodWorker.invokeTestMethods(TestMethodWorker.java:148)
	at org.testng.internal.invokers.TestMethodWorker.run(TestMethodWorker.java:128)
	at java.base/java.util.ArrayList.forEach(ArrayList.java:1596)
	at org.testng.TestRunner.privateRun(TestRunner.java:848)
	at org.testng.TestRunner.run(TestRunner.java:621)
	at org.testng.SuiteRunner.runTest(SuiteRunner.java:443)
	at org.testng.SuiteRunner.runSequentially(SuiteRunner.java:437)
	at org.testng.SuiteRunner.privateRun(SuiteRunner.java:397)
	at org.testng.SuiteRunner.run(SuiteRunner.java:336)
	at org.testng.SuiteRunnerWorker.runSuite(SuiteRunnerWorker.java:52)
	at org.testng.SuiteRunnerWorker.run(SuiteRunnerWorker.java:95)
	at org.testng.TestNG.runSuitesSequentially(TestNG.java:1280)
	at org.testng.TestNG.runSuitesLocally(TestNG.java:1200)
	at org.testng.TestNG.runSuites(TestNG.java:1114)
	at org.testng.TestNG.run(TestNG.java:1082)
	at org.apache.maven.surefire.testng.TestNGExecutor.run(TestNGExecutor.java:308)
	at org.apache.maven.surefire.testng.TestNGXmlTestSuite.execute(TestNGXmlTestSuite.java:71)
	at org.apache.maven.surefire.testng.TestNGProvider.invoke(TestNGProvider.java:113)
	at org.apache.maven.surefire.booter.ForkedBooter.runSuitesInProcess(ForkedBooter.java:385)
	at org.apache.maven.surefire.booter.ForkedBooter.execute(ForkedBooter.java:162)
	at org.apache.maven.surefire.booter.ForkedBooter.run(ForkedBooter.java:507)
	at org.apache.maven.surefire.booter.ForkedBooter.main(ForkedBooter.java:495)
]]></failure>
    <system-out><![CDATA[[END] Test finished: kiemThuDangNhap
[START] Running test: demoFailScreenshot
]]></system-out>
    <system-err><![CDATA[Mar 03, 2026 3:09:50 P.M. org.openqa.selenium.devtools.CdpVersionFinder findNearestMatch
WARNING: Unable to find CDP implementation matching 145
Mar 03, 2026 3:09:50 P.M. org.openqa.selenium.chromium.ChromiumDriver lambda$new$5
WARNING: Unable to find version of CDP to use for 145.0.7632.117. You may need to include a dependency on a specific version of the CDP using something similar to `org.seleniumhq.selenium:selenium-devtools-v86:4.15.0` where the version ("v86") matches the version of the chromium-based browser you're using and the version number of the artifact is the same as Selenium's.
]]></system-err>
  </testcase>
</testsuite>