<?xml version="1.0" encoding="UTF-8"?>
<!-- Generated by org.testng.reporters.JUnitReportReporter -->
<testsuite hostname="LAPTOP-KN5KJVA1" failures="0" tests="6" name="bt32.TinhTienNuocBranchCoverageTest" time="0.012" errors="0" timestamp="2026-03-10T14:14:13 ICT" skipped="0">
  <testcase classname="bt32.TinhTienNuocBranchCoverageTest" name="tc3_danCuBac1" time="0.000"/>
  <testcase classname="bt32.TinhTienNuocBranchCoverageTest" name="tc5_danCuBac3" time="0.001"/>
  <testcase classname="bt32.TinhTienNuocBranchCoverageTest" name="tc1_invalidSoM3" time="0.008"/>
  <testcase classname="bt32.TinhTienNuocBranchCoverageTest" name="tc4_danCuBac2" time="0.001"/>
  <testcase classname="bt32.TinhTienNuocBranchCoverageTest" name="tc2_hoNgheo" time="0.001"/>
  <testcase classname="bt32.TinhTienNuocBranchCoverageTest" name="tc6_kinhDoanh" time="0.001"/>
</testsuite> <!-- bt32.TinhTienNuocBranchCoverageTest -->
