<?xml version="1.0" encoding="UTF-8"?>
<!-- Generated by org.testng.reporters.JUnitXMLReporter -->
<testsuite ignored="0" hostname="LAPTOP-KN5KJVA1" failures="1" tests="18" name="DangNhap DataProvider + Fail Demo" time="54.794" errors="0" timestamp="2026-03-03T15:10:02 ICT">
  <testcase classname="dtm.tests.TC_DangNhapTest" name="kiemThuDangNhap" time="1.183"/>
  <testcase classname="dtm.tests.TC_DangNhapTest" name="kiemThuDangNhap" time="1.089"/>
  <testcase classname="dtm.tests.TC_DangNhapTest" name="kiemThuDangNhap" time="6.075"/>
  <testcase classname="dtm.tests.TC_DangNhapTest" name="kiemThuDangNhap" time="1.135"/>
  <testcase classname="dtm.tests.TC_DangNhapTest" name="kiemThuDangNhap" time="1.043"/>
  <testcase classname="dtm.tests.TC_DangNhapTest" name="kiemThuDangNhap" time="1.138"/>
  <testcase classname="dtm.tests.TC_DangNhapTest" name="kiemThuDangNhap" time="1.174"/>
  <testcase classname="dtm.tests.TC_DangNhapTest" name="kiemThuDangNhap" time="1.201"/>
  <testcase classname="dtm.tests.TC_DangNhapTest" name="kiemThuDangNhap" time="1.282"/>
  <testcase classname="dtm.tests.TC_DangNhapTest" name="kiemThuDangNhap" time="1.182"/>
  <testcase classname="dtm.tests.TC_DangNhapTest" name="kiemThuDangNhap" time="1.223"/>
  <testcase classname="dtm.tests.TC_DangNhapTest" name="kiemThuDangNhap" time="1.098"/>
  <testcase classname="dtm.tests.TC_DangNhapTest" name="kiemThuDangNhap" time="1.181"/>
  <testcase classname="dtm.tests.TC_DangNhapTest" name="kiemThuDangNhap" time="1.073"/>
  <testcase classname="dtm.tests.TC_DangNhapTest" name="kiemThuDangNhap" time="1.113"/>
  <testcase classname="dtm.tests.TC_DangNhapTest" name="kiemThuDangNhap" time="1.195"/>
  <testcase classname="dtm.tests.TC_DangNhapTest" name="kiemThuDangNhap" time="1.184"/>
  <testcase classname="dtm.tests.TC_DangNhapFailDemoTest" name="demoFailScreenshot" time="11.251">
    <failure type="java.lang.AssertionError" message="Demo FAIL: đăng nhập đúng nên không có lỗi, test này cố ý fail. expected [true] but found [false]">
      <![CDATA[java.lang.AssertionError: Demo FAIL: đăng nhập đúng nên không có lỗi, test này cố ý fail. expected [true] but found [false]
at dtm.tests.TC_DangNhapFailDemoTest.demoFailScreenshot(TC_DangNhapFailDemoTest.java:17)
at java.base/java.util.ArrayList.forEach(ArrayList.java:1596)
... Removed 32 stack frames]]>
    </failure>
  </testcase> <!-- demoFailScreenshot -->
</testsuite> <!-- DangNhap DataProvider + Fail Demo -->
