<?xml version="1.0" encoding="UTF-8"?>
<!-- Generated by org.testng.reporters.JUnitXMLReporter -->
<testsuite ignored="0" hostname="LAPTOP-KN5KJVA1" failures="0" tests="8" name="TinhPhiShip Basis Paths" time="0.052" errors="0" timestamp="2026-03-10T14:25:24 ICT">
  <testcase classname="bt41.TinhPhiShipBasisPathTest" name="bp1_invalidWeight_throwsException" time="0.008"/>
  <testcase classname="bt41.TinhPhiShipBasisPathTest" name="bp2_noiThanh_noExtra_notMember" time="0.001"/>
  <testcase classname="bt41.TinhPhiShipBasisPathTest" name="bp3_noiThanh_extra_notMember" time="0.0"/>
  <testcase classname="bt41.TinhPhiShipBasisPathTest" name="bp4_ngoaiThanh_noExtra_notMember" time="0.0"/>
  <testcase classname="bt41.TinhPhiShipBasisPathTest" name="bp5_ngoaiThanh_extra_notMember" time="0.001"/>
  <testcase classname="bt41.TinhPhiShipBasisPathTest" name="bp6_khacVung_noExtra_notMember" time="0.0"/>
  <testcase classname="bt41.TinhPhiShipBasisPathTest" name="bp7_khacVung_extra_notMember" time="0.0"/>
  <testcase classname="bt41.TinhPhiShipBasisPathTest" name="bp8_memberDiscountPath" time="0.001"/>
</testsuite> <!-- TinhPhiShip Basis Paths -->
