<?xml version="1.0" encoding="UTF-8"?>
<!-- Generated by org.testng.reporters.JUnitXMLReporter -->
<testsuite ignored="0" hostname="LAPTOP-KN5KJVA1" failures="0" tests="4" name="Text Box White-Box Tests" time="22.833" errors="0" timestamp="2026-03-10T15:29:08 ICT">
  <testcase classname="bt62.tests.TextBoxWhiteBoxTest" name="shouldDisplayOutputWhenInputIsValid" time="0.774"/>
  <testcase classname="bt62.tests.TextBoxWhiteBoxTest" name="shouldDisplayOutputWhenOnlySpaces" time="0.616"/>
  <testcase classname="bt62.tests.TextBoxWhiteBoxTest" name="shouldMarkEmailInvalidWhenFormatIsWrong" time="0.842"/>
  <testcase classname="bt62.tests.TextBoxWhiteBoxTest" name="shouldNotDisplayOutputWhenAllFieldsEmpty" time="0.894"/>
</testsuite> <!-- Text Box White-Box Tests -->
