<?xml version="1.0" encoding="UTF-8"?>
<testsuite xmlns:xsi="http://www.w3.org/2001/XMLSchema-instance" xsi:noNamespaceSchemaLocation="https://maven.apache.org/surefire/maven-surefire-plugin/xsd/surefire-test-report.xsd" version="3.0.2" name="TestSuite" time="0.501" tests="7" errors="0" skipped="0" failures="0">
  <properties>
[...]
</properties>
  <testcase name="cc_tc1_allConditionsTrue" classname="bt52.LoanConditionCoverageTest" time="0.006">
    <system-err><![CDATA[SLF4J(W): No SLF4J providers were found.
SLF4J(W): Defaulting to no-operation (NOP) logger implementation
SLF4J(W): See https://www.slf4j.org/codes.html#noProviders for further details.
]]></system-err>
  </testcase>
  <testcase name="cc_tc2_allConditionsFalse" classname="bt52.LoanConditionCoverageTest" time="0.0"/>
  <testcase name="testMCDC_WithDataProvider[MCDC_A_Base, 25, 12000000, true, 650, true, Case co ban A=1,B=1,C=1,D=0 phai du dieu kien vay](1)" classname="bt52.VayVonMCDCTest" time="0.008"/>
  <testcase name="testMCDC_WithDataProvider[MCDC_A_TuoiDocLap_ThapHon22, 20, 12000000, true, 650, false, Chi doi A tu true sang false thi ket qua phai doi](2)" classname="bt52.VayVonMCDCTest" time="0.001"/>
  <testcase name="testMCDC_WithDataProvider[MCDC_B_ThuNhapDocLap_Duoi10Tr, 25, 8000000, true, 650, false, Chi doi B tu true sang false thi ket qua phai doi](3)" classname="bt52.VayVonMCDCTest" time="0.006"/>
  <testcase name="testMCDC_WithDataProvider[MCDC_CD_Baseline_KhongTaiSan_DiemThap, 25, 12000000, false, 650, false, A=1,B=1,C=0,D=0 phai khong du dieu kien vay](4)" classname="bt52.VayVonMCDCTest" time="0.0"/>
  <testcase name="testMCDC_WithDataProvider[MCDC_D_DiemTinDungDocLap_Tren700, 25, 12000000, false, 720, true, Chi doi D tu false sang true thi ket qua phai doi](5)" classname="bt52.VayVonMCDCTest" time="0.0"/>
</testsuite>