<?xml version="1.0" encoding="UTF-8"?>
<!-- Generated by org.testng.reporters.JUnitXMLReporter -->
<testsuite ignored="0" hostname="LAPTOP-KN5KJVA1" failures="0" tests="9" name="OrderProcessor White-Box Tests" time="0.088" errors="0" timestamp="2026-03-10T15:38:05 ICT">
  <testcase classname="bt71.OrderProcessorTest" name="basisPath_invalidCoupon_shouldThrow" time="0.015"/>
  <testcase classname="bt71.OrderProcessorTest" name="basisPath_noCouponNoMember_codShip20000" time="0.0"/>
  <testcase classname="bt71.OrderProcessorTest" name="basisPath_noCouponNoMember_onlineShip30000" time="0.0"/>
  <testcase classname="bt71.OrderProcessorTest" name="basisPath_sale10_gold_noShip" time="0.001"/>
  <testcase classname="bt71.OrderProcessorTest" name="basisPath_sale20_platinum_noShip" time="0.001"/>
  <testcase classname="bt71.OrderProcessorTest" name="basisPath_shouldThrowWhenItemsNull" time="0.001"/>
  <testcase classname="bt71.OrderProcessorTest" name="mcdc_coupon_D2_and_D3" time="0.009"/>
  <testcase classname="bt71.OrderProcessorTest" name="mcdc_coupon_D2_and_D3" time="0.001"/>
  <testcase classname="bt71.OrderProcessorTest" name="mcdc_coupon_D2_and_D3" time="0.0"/>
</testsuite> <!-- OrderProcessor White-Box Tests -->
