<?xml version="1.0" encoding="UTF-8"?>
<!-- Generated by org.testng.reporters.JUnitXMLReporter -->
<testsuite ignored="3" hostname="LAPTOP-KN5KJVA1" failures="0" tests="3" name="Smoke Group Run" time="0.05" errors="0" timestamp="2026-03-10T13:40:48 ICT">
  <testcase classname="bt21.LoginTest" name="testLoginWithValidCredential" time="0.006"/>
  <testcase classname="bt21.CartTest" name="testAddItemToCart" time="0.001"/>
  <testcase classname="bt21.CheckoutTest" name="testCheckoutWithValidInformation" time="0.0"/>
  <testcase classname="bt21.CartTest" name="testRemoveItemFromCart" time="0.0">
    <ignored/>
  </testcase> <!-- testRemoveItemFromCart -->
  <testcase classname="bt21.CheckoutTest" name="testCheckoutWithEmptyPostalCode" time="0.0">
    <ignored/>
  </testcase> <!-- testCheckoutWithEmptyPostalCode -->
  <testcase classname="bt21.LoginTest" name="testLoginWithInvalidPassword" time="0.0">
    <ignored/>
  </testcase> <!-- testLoginWithInvalidPassword -->
</testsuite> <!-- Smoke Group Run -->
