<?xml version="1.0" encoding="UTF-8"?>
<!-- Generated by org.testng.reporters.JUnitXMLReporter -->
<testsuite ignored="0" hostname="LAPTOP-KN5KJVA1" failures="0" tests="7" name="Loan Eligibility Tests" time="0.066" errors="0" timestamp="2026-03-10T15:09:30 ICT">
  <testcase classname="bt52.LoanConditionCoverageTest" name="cc_tc1_allConditionsTrue" time="0.007"/>
  <testcase classname="bt52.LoanConditionCoverageTest" name="cc_tc2_allConditionsFalse" time="0.001"/>
  <testcase classname="bt52.VayVonMCDCTest" name="testMCDC_WithDataProvider" time="0.007"/>
  <testcase classname="bt52.VayVonMCDCTest" name="testMCDC_WithDataProvider" time="0.0"/>
  <testcase classname="bt52.VayVonMCDCTest" name="testMCDC_WithDataProvider" time="0.0"/>
  <testcase classname="bt52.VayVonMCDCTest" name="testMCDC_WithDataProvider" time="0.0"/>
  <testcase classname="bt52.VayVonMCDCTest" name="testMCDC_WithDataProvider" time="0.0"/>
</testsuite> <!-- Loan Eligibility Tests -->
