<?xml version="1.0" encoding="UTF-8"?>
<testng-results ignored="0" total="3" passed="2" failed="1" skipped="0">
  <reporter-output>
  </reporter-output>
  <suite started-at="2026-03-17T13:15:46 ICT" name="Bt1-BasePageBaseTest" finished-at="2026-03-17T13:15:55 ICT" duration-ms="8634">
    <groups>
    </groups>
    <test started-at="2026-03-17T13:15:46 ICT" name="Bt1 - BasePage and BaseTest Verification" finished-at="2026-03-17T13:15:55 ICT" duration-ms="8634">
      <class name="tests.LoginTest">
        <test-method is-config="true" signature="setUp(java.lang.String,java.lang.String)[pri:0, instance:tests.LoginTest@7fa98a66]" started-at="2026-03-17T13:15:46 ICT" name="setUp" finished-at="2026-03-17T13:15:54 ICT" duration-ms="7459" status="PASS">
          <params>
            <param index="0">
              <value>
                <![CDATA[chrome]]>
              </value>
            </param>
            <param index="1">
              <value>
                <![CDATA[dev]]>
              </value>
            </param>
          </params>
          <reporter-output>
          </reporter-output>
        </test-method> <!-- setUp -->
        <test-method is-config="true" signature="setUp(java.lang.String,java.lang.String)[pri:0, instance:tests.LoginTest@7fa98a66]" started-at="2026-03-17T13:15:46 ICT" name="setUp" finished-at="2026-03-17T13:15:54 ICT" duration-ms="7648" status="PASS">
          <params>
            <param index="0">
              <value>
                <![CDATA[chrome]]>
              </value>
            </param>
            <param index="1">
              <value>
                <![CDATA[dev]]>
              </value>
            </param>
          </params>
          <reporter-output>
          </reporter-output>
        </test-method> <!-- setUp -->
        <test-method is-config="true" signature="setUp(java.lang.String,java.lang.String)[pri:0, instance:tests.LoginTest@7fa98a66]" started-at="2026-03-17T13:15:46 ICT" name="setUp" finished-at="2026-03-17T13:15:55 ICT" duration-ms="8425" status="PASS">
          <params>
            <param index="0">
              <value>
                <![CDATA[chrome]]>
              </value>
            </param>
            <param index="1">
              <value>
                <![CDATA[dev]]>
              </value>
            </param>
          </params>
          <reporter-output>
          </reporter-output>
        </test-method> <!-- setUp -->
        <test-method signature="testFailToTriggerScreenshot()[pri:0, instance:tests.LoginTest@7fa98a66]" started-at="2026-03-17T13:15:54 ICT" name="testFailToTriggerScreenshot" finished-at="2026-03-17T13:15:54 ICT" duration-ms="26" status="FAIL">
          <exception class="java.lang.AssertionError">
            <message>
              <![CDATA[Test fail có ý thức - kiểm tra ảnh chụp trong target/screenshots/ expected [WRONG_TITLE_TO_TRIGGER_SCREENSHOT] but found [Swag Labs]]]>
            </message>
            <full-stacktrace>
              <![CDATA[java.lang.AssertionError: Test fail có ý thức - kiểm tra ảnh chụp trong target/screenshots/ expected [WRONG_TITLE_TO_TRIGGER_SCREENSHOT] but found [Swag Labs]
at org.testng.Assert.fail(Assert.java:111)
at org.testng.Assert.failNotEquals(Assert.java:1578)
at org.testng.Assert.assertEqualsImpl(Assert.java:150)
at org.testng.Assert.assertEquals(Assert.java:132)
at org.testng.Assert.assertEquals(Assert.java:656)
at tests.LoginTest.testFailToTriggerScreenshot(LoginTest.java:55)
at java.base/jdk.internal.reflect.DirectMethodHandleAccessor.invoke(DirectMethodHandleAccessor.java:103)
at java.base/java.lang.reflect.Method.invoke(Method.java:580)
at org.testng.internal.invokers.MethodInvocationHelper.invokeMethod(MethodInvocationHelper.java:139)
at org.testng.internal.invokers.TestInvoker.invokeMethod(TestInvoker.java:664)
at org.testng.internal.invokers.TestInvoker.invokeTestMethod(TestInvoker.java:228)
at org.testng.internal.invokers.MethodRunner.runInSequence(MethodRunner.java:63)
at org.testng.internal.invokers.TestInvoker$MethodInvocationAgent.invoke(TestInvoker.java:961)
at org.testng.internal.invokers.TestInvoker.invokeTestMethods(TestInvoker.java:201)
at org.testng.internal.invokers.TestMethodWorker.invokeTestMethods(TestMethodWorker.java:148)
at org.testng.internal.invokers.TestMethodWorker.run(TestMethodWorker.java:128)
at java.base/java.util.concurrent.Executors$RunnableAdapter.call(Executors.java:572)
at java.base/java.util.concurrent.FutureTask.run(FutureTask.java:317)
at org.testng.internal.thread.graph.TestNGFutureTask.run(TestNGFutureTask.java:22)
at java.base/java.util.concurrent.ThreadPoolExecutor.runWorker(ThreadPoolExecutor.java:1144)
at java.base/java.util.concurrent.ThreadPoolExecutor$Worker.run(ThreadPoolExecutor.java:642)
at java.base/java.lang.Thread.run(Thread.java:1583)
]]>
            </full-stacktrace>
          </exception> <!-- java.lang.AssertionError -->
          <reporter-output>
          </reporter-output>
        </test-method> <!-- testFailToTriggerScreenshot -->
        <test-method is-config="true" signature="tearDown(org.testng.ITestResult)[pri:0, instance:tests.LoginTest@7fa98a66]" started-at="2026-03-17T13:15:54 ICT" name="tearDown" finished-at="2026-03-17T13:15:54 ICT" duration-ms="375" status="PASS">
          <params>
            <param index="0">
              <value>
                <![CDATA[[TestResult name=testFailToTriggerScreenshot status=FAILURE method=LoginTest.testFailToTriggerScreenshot()[pri:0, instance:tests.LoginTest@7fa98a66] output={null}]]]>
              </value>
            </param>
          </params>
          <reporter-output>
          </reporter-output>
        </test-method> <!-- tearDown -->
        <test-method signature="testLoginButtonVisible()[pri:0, instance:tests.LoginTest@7fa98a66]" started-at="2026-03-17T13:15:54 ICT" name="testLoginButtonVisible" finished-at="2026-03-17T13:15:54 ICT" duration-ms="90" status="PASS">
          <reporter-output>
          </reporter-output>
        </test-method> <!-- testLoginButtonVisible -->
        <test-method is-config="true" signature="tearDown(org.testng.ITestResult)[pri:0, instance:tests.LoginTest@7fa98a66]" started-at="2026-03-17T13:15:54 ICT" name="tearDown" finished-at="2026-03-17T13:15:54 ICT" duration-ms="197" status="PASS">
          <params>
            <param index="0">
              <value>
                <![CDATA[[TestResult name=testLoginButtonVisible status=SUCCESS method=LoginTest.testLoginButtonVisible()[pri:0, instance:tests.LoginTest@7fa98a66] output={null}]]]>
              </value>
            </param>
          </params>
          <reporter-output>
          </reporter-output>
        </test-method> <!-- tearDown -->
        <test-method signature="testPageLoads()[pri:0, instance:tests.LoginTest@7fa98a66]" started-at="2026-03-17T13:15:55 ICT" name="testPageLoads" finished-at="2026-03-17T13:15:55 ICT" duration-ms="11" status="PASS">
          <reporter-output>
          </reporter-output>
        </test-method> <!-- testPageLoads -->
        <test-method is-config="true" signature="tearDown(org.testng.ITestResult)[pri:0, instance:tests.LoginTest@7fa98a66]" started-at="2026-03-17T13:15:55 ICT" name="tearDown" finished-at="2026-03-17T13:15:55 ICT" duration-ms="164" status="PASS">
          <params>
            <param index="0">
              <value>
                <![CDATA[[TestResult name=testPageLoads status=SUCCESS method=LoginTest.testPageLoads()[pri:0, instance:tests.LoginTest@7fa98a66] output={null}]]]>
              </value>
            </param>
          </params>
          <reporter-output>
          </reporter-output>
        </test-method> <!-- tearDown -->
      </class> <!-- tests.LoginTest -->
    </test> <!-- Bt1 - BasePage and BaseTest Verification -->
  </suite> <!-- Bt1-BasePageBaseTest -->
</testng-results>
