<?xml version="1.0" encoding="UTF-8"?>
<!-- Generated by org.testng.reporters.JUnitReportReporter -->
<testsuite hostname="LAPTOP-KN5KJVA1" failures="0" tests="5" name="bt52.VayVonMCDCTest" time="0.007" errors="0" timestamp="2026-03-10T15:09:30 ICT" skipped="0">
  <testcase classname="bt52.VayVonMCDCTest" name="testMCDC_WithDataProvider" time="0.000"/>
  <testcase classname="bt52.VayVonMCDCTest" name="testMCDC_WithDataProvider" time="0.007"/>
  <testcase classname="bt52.VayVonMCDCTest" name="testMCDC_WithDataProvider" time="0.000"/>
  <testcase classname="bt52.VayVonMCDCTest" name="testMCDC_WithDataProvider" time="0.000"/>
  <testcase classname="bt52.VayVonMCDCTest" name="testMCDC_WithDataProvider" time="0.000"/>
</testsuite> <!-- bt52.VayVonMCDCTest -->
