<?xml version="1.0" encoding="UTF-8"?>
<testng-results ignored="0" total="8" passed="8" failed="0" skipped="0">
  <reporter-output>
  </reporter-output>
  <suite started-at="2026-03-10T14:47:32 ICT" name="BT4.2 Basis Path Test Suite" finished-at="2026-03-10T14:47:32 ICT" duration-ms="52">
    <groups>
    </groups>
    <test started-at="2026-03-10T14:47:32 ICT" name="PhiShip Basis Path Tests" finished-at="2026-03-10T14:47:32 ICT" duration-ms="52">
      <class name="bt42.PhiShipBasisPathTest">
        <test-method signature="testPath1_InvalidWeight()[pri:0, instance:bt42.PhiShipBasisPathTest@3e92efc3]" started-at="2026-03-10T14:47:32 ICT" name="testPath1_InvalidWeight" description="Path 1: Trong luong khong hop le" finished-at="2026-03-10T14:47:32 ICT" duration-ms="8" status="PASS">
          <reporter-output>
          </reporter-output>
        </test-method> <!-- testPath1_InvalidWeight -->
        <test-method signature="testPath2_NoiThanhNheKhongMember()[pri:0, instance:bt42.PhiShipBasisPathTest@3e92efc3]" started-at="2026-03-10T14:47:32 ICT" name="testPath2_NoiThanhNheKhongMember" description="Path 2: Noi thanh, &lt;= 5kg, khong member" finished-at="2026-03-10T14:47:32 ICT" duration-ms="0" status="PASS">
          <reporter-output>
          </reporter-output>
        </test-method> <!-- testPath2_NoiThanhNheKhongMember -->
        <test-method signature="testPath3_NoiThanhNangKhongMember()[pri:0, instance:bt42.PhiShipBasisPathTest@3e92efc3]" started-at="2026-03-10T14:47:32 ICT" name="testPath3_NoiThanhNangKhongMember" description="Path 3: Noi thanh, &gt; 5kg, khong member" finished-at="2026-03-10T14:47:32 ICT" duration-ms="0" status="PASS">
          <reporter-output>
          </reporter-output>
        </test-method> <!-- testPath3_NoiThanhNangKhongMember -->
        <test-method signature="testPath4_NgoaiThanhNheKhongMember()[pri:0, instance:bt42.PhiShipBasisPathTest@3e92efc3]" started-at="2026-03-10T14:47:32 ICT" name="testPath4_NgoaiThanhNheKhongMember" description="Path 4: Ngoai thanh, &lt;= 3kg, khong member" finished-at="2026-03-10T14:47:32 ICT" duration-ms="0" status="PASS">
          <reporter-output>
          </reporter-output>
        </test-method> <!-- testPath4_NgoaiThanhNheKhongMember -->
        <test-method signature="testPath5_NgoaiThanhNangKhongMember()[pri:0, instance:bt42.PhiShipBasisPathTest@3e92efc3]" started-at="2026-03-10T14:47:32 ICT" name="testPath5_NgoaiThanhNangKhongMember" description="Path 5: Ngoai thanh, &gt; 3kg, khong member" finished-at="2026-03-10T14:47:32 ICT" duration-ms="0" status="PASS">
          <reporter-output>
          </reporter-output>
        </test-method> <!-- testPath5_NgoaiThanhNangKhongMember -->
        <test-method signature="testPath6_VungKhacNheKhongMember()[pri:0, instance:bt42.PhiShipBasisPathTest@3e92efc3]" started-at="2026-03-10T14:47:32 ICT" name="testPath6_VungKhacNheKhongMember" description="Path 6: Vung khac, &lt;= 2kg, khong member" finished-at="2026-03-10T14:47:32 ICT" duration-ms="0" status="PASS">
          <reporter-output>
          </reporter-output>
        </test-method> <!-- testPath6_VungKhacNheKhongMember -->
        <test-method signature="testPath7_VungKhacNangKhongMember()[pri:0, instance:bt42.PhiShipBasisPathTest@3e92efc3]" started-at="2026-03-10T14:47:32 ICT" name="testPath7_VungKhacNangKhongMember" description="Path 7: Vung khac, &gt; 2kg, khong member" finished-at="2026-03-10T14:47:32 ICT" duration-ms="0" status="PASS">
          <reporter-output>
          </reporter-output>
        </test-method> <!-- testPath7_VungKhacNangKhongMember -->
        <test-method signature="testPath8_MemberDiscount()[pri:0, instance:bt42.PhiShipBasisPathTest@3e92efc3]" started-at="2026-03-10T14:47:32 ICT" name="testPath8_MemberDiscount" description="Path 8: Co member, giam 10%" finished-at="2026-03-10T14:47:32 ICT" duration-ms="0" status="PASS">
          <reporter-output>
          </reporter-output>
        </test-method> <!-- testPath8_MemberDiscount -->
      </class> <!-- bt42.PhiShipBasisPathTest -->
    </test> <!-- PhiShip Basis Path Tests -->
  </suite> <!-- BT4.2 Basis Path Test Suite -->
</testng-results>
