<?xml version="1.0" encoding="UTF-8"?>
<!-- Generated by org.testng.reporters.JUnitXMLReporter -->
<testsuite ignored="0" hostname="LAPTOP-KN5KJVA1" failures="0" tests="4" name="JSON Schema Validation Tests" time="3.947" errors="0" timestamp="2026-03-24T13:37:26 ICT">
  <testcase classname="bt3.JsonSchemaValidationTest" name="testCreateUserSchema" time="2.018"/>
  <testcase classname="bt3.JsonSchemaValidationTest" name="testSchemaShouldFailWhenFieldMissingInSchema" time="0.562"/>
  <testcase classname="bt3.JsonSchemaValidationTest" name="testSingleUserSchema" time="0.332"/>
  <testcase classname="bt3.JsonSchemaValidationTest" name="testUserListSchema" time="0.524"/>
</testsuite> <!-- JSON Schema Validation Tests -->
