<?xml version="1.0" encoding="UTF-8"?>
<testng-results ignored="0" total="3" passed="3" failed="0" skipped="0">
  <reporter-output>
  </reporter-output>
  <suite started-at="2026-03-24T15:34:28 ICT" name="BT6 API + UI Integration Suite" finished-at="2026-03-24T15:34:41 ICT" duration-ms="12555">
    <groups>
    </groups>
    <test started-at="2026-03-24T15:34:28 ICT" name="BT6 Tests" finished-at="2026-03-24T15:34:41 ICT" duration-ms="12555">
      <class name="bt6.PartAApiPreconditionUiTest">
        <test-method is-config="true" signature="setupApiSpec()[pri:0, instance:bt6.PartAApiPreconditionUiTest@16d04d3d]" started-at="2026-03-24T15:34:28 ICT" name="setupApiSpec" finished-at="2026-03-24T15:34:29 ICT" duration-ms="476" status="PASS">
          <reporter-output>
          </reporter-output>
        </test-method> <!-- setupApiSpec -->
        <test-method is-config="true" signature="loginApiPrecondition()[pri:0, instance:bt6.PartAApiPreconditionUiTest@16d04d3d]" started-at="2026-03-24T15:34:29 ICT" name="loginApiPrecondition" finished-at="2026-03-24T15:34:31 ICT" duration-ms="2261" status="PASS">
          <reporter-output>
          </reporter-output>
        </test-method> <!-- loginApiPrecondition -->
        <test-method signature="apiLoginPreconditionMustPass()[pri:0, instance:bt6.PartAApiPreconditionUiTest@16d04d3d]" started-at="2026-03-24T15:34:31 ICT" name="apiLoginPreconditionMustPass" description="Part A - API precondition must pass before UI" finished-at="2026-03-24T15:34:31 ICT" duration-ms="3" status="PASS">
          <reporter-output>
          </reporter-output>
        </test-method> <!-- apiLoginPreconditionMustPass -->
        <test-method is-config="true" signature="cleanup()[pri:0, instance:bt6.PartAApiPreconditionUiTest@16d04d3d]" started-at="2026-03-24T15:34:31 ICT" name="cleanup" finished-at="2026-03-24T15:34:31 ICT" duration-ms="0" status="PASS">
          <reporter-output>
          </reporter-output>
        </test-method> <!-- cleanup -->
        <test-method is-config="true" signature="loginApiPrecondition()[pri:0, instance:bt6.PartAApiPreconditionUiTest@16d04d3d]" started-at="2026-03-24T15:34:31 ICT" name="loginApiPrecondition" finished-at="2026-03-24T15:34:32 ICT" duration-ms="343" status="PASS">
          <reporter-output>
          </reporter-output>
        </test-method> <!-- loginApiPrecondition -->
        <test-method signature="uiVerifyAfterApiPrecondition()[pri:0, instance:bt6.PartAApiPreconditionUiTest@16d04d3d]" started-at="2026-03-24T15:34:32 ICT" name="uiVerifyAfterApiPrecondition" description="Part A - UI verify URL and title after login" finished-at="2026-03-24T15:34:36 ICT" depends-on-methods="bt6.PartAApiPreconditionUiTest.apiLoginPreconditionMustPass" duration-ms="4152" status="PASS">
          <reporter-output>
          </reporter-output>
        </test-method> <!-- uiVerifyAfterApiPrecondition -->
        <test-method is-config="true" signature="cleanup()[pri:0, instance:bt6.PartAApiPreconditionUiTest@16d04d3d]" started-at="2026-03-24T15:34:36 ICT" name="cleanup" finished-at="2026-03-24T15:34:36 ICT" duration-ms="166" status="PASS">
          <reporter-output>
          </reporter-output>
        </test-method> <!-- cleanup -->
      </class> <!-- bt6.PartAApiPreconditionUiTest -->
      <class name="bt6.PartBFullIntegrationFlowTest">
        <test-method is-config="true" signature="setupApiSpec()[pri:0, instance:bt6.PartBFullIntegrationFlowTest@436813f3]" started-at="2026-03-24T15:34:36 ICT" name="setupApiSpec" finished-at="2026-03-24T15:34:36 ICT" duration-ms="3" status="PASS">
          <reporter-output>
          </reporter-output>
        </test-method> <!-- setupApiSpec -->
        <test-method is-config="true" signature="checkUsersApiHealth()[pri:0, instance:bt6.PartBFullIntegrationFlowTest@436813f3]" started-at="2026-03-24T15:34:36 ICT" name="checkUsersApiHealth" finished-at="2026-03-24T15:34:36 ICT" duration-ms="569" status="PASS">
          <reporter-output>
          </reporter-output>
        </test-method> <!-- checkUsersApiHealth -->
        <test-method signature="fullApiUiIntegrationFlow()[pri:0, instance:bt6.PartBFullIntegrationFlowTest@436813f3]" started-at="2026-03-24T15:34:36 ICT" name="fullApiUiIntegrationFlow" description="Part B - API alive then UI login, add 2 products, verify cart" finished-at="2026-03-24T15:34:41 ICT" duration-ms="4408" status="PASS">
          <reporter-output>
          </reporter-output>
        </test-method> <!-- fullApiUiIntegrationFlow -->
        <test-method is-config="true" signature="cleanup()[pri:0, instance:bt6.PartBFullIntegrationFlowTest@436813f3]" started-at="2026-03-24T15:34:41 ICT" name="cleanup" finished-at="2026-03-24T15:34:41 ICT" duration-ms="131" status="PASS">
          <reporter-output>
          </reporter-output>
        </test-method> <!-- cleanup -->
      </class> <!-- bt6.PartBFullIntegrationFlowTest -->
    </test> <!-- BT6 Tests -->
  </suite> <!-- BT6 API + UI Integration Suite -->
</testng-results>
