<?xml version="1.0" encoding="UTF-8"?>
<!-- Generated by org.testng.reporters.JUnitReportReporter -->
<testsuite hostname="LAPTOP-KN5KJVA1" failures="0" tests="3" name="tests.CartTest" time="31.443" errors="0" timestamp="2026-03-17T13:26:12 ICT" skipped="0">
  <testcase classname="tests.CartTest" name="testFluentFlowLoginAddFirstAndGoToCart" time="9.786"/>
  <testcase classname="tests.CartTest" name="testRemoveFirstItemFromCart" time="11.946"/>
  <testcase classname="tests.CartTest" name="testGoToCheckoutAndItemNamesAvailable" time="9.711"/>
</testsuite> <!-- tests.CartTest -->
