<?xml version="1.0" encoding="UTF-8"?>
<!-- Generated by org.testng.reporters.JUnitXMLReporter -->
<testsuite ignored="0" hostname="LAPTOP-KN5KJVA1" failures="0" tests="8" name="PhiShip Basis Path Tests" time="0.052" errors="0" timestamp="2026-03-10T14:47:32 ICT">
  <testcase classname="bt42.PhiShipBasisPathTest" name="testPath1_InvalidWeight" time="0.008"/>
  <testcase classname="bt42.PhiShipBasisPathTest" name="testPath2_NoiThanhNheKhongMember" time="0.0"/>
  <testcase classname="bt42.PhiShipBasisPathTest" name="testPath3_NoiThanhNangKhongMember" time="0.0"/>
  <testcase classname="bt42.PhiShipBasisPathTest" name="testPath4_NgoaiThanhNheKhongMember" time="0.0"/>
  <testcase classname="bt42.PhiShipBasisPathTest" name="testPath5_NgoaiThanhNangKhongMember" time="0.0"/>
  <testcase classname="bt42.PhiShipBasisPathTest" name="testPath6_VungKhacNheKhongMember" time="0.0"/>
  <testcase classname="bt42.PhiShipBasisPathTest" name="testPath7_VungKhacNangKhongMember" time="0.0"/>
  <testcase classname="bt42.PhiShipBasisPathTest" name="testPath8_MemberDiscount" time="0.0"/>
</testsuite> <!-- PhiShip Basis Path Tests -->
